[1/12] Building C object esp-idf/step_motor/CMakeFiles/__idf_step_motor.dir/stepper.c.obj
FAILED: esp-idf/step_motor/CMakeFiles/__idf_step_motor.dir/stepper.c.obj 
C:\Users\clare\.espressif\tools\xtensa-esp32-elf\esp-2022r1-11.2.0\xtensa-esp32-elf\bin\xtensa-esp32-elf-gcc.exe  -ID:/John/IoT/iot-project/rfid/build/config -ID:/John/IoT/iot-project/rfid/components/step_motor -IC:/Users/clare/esp/esp-idf/components/newlib/platform_include -IC:/Users/clare/esp/esp-idf/components/freertos/FreeRTOS-Kernel/include -IC:/Users/clare/esp/esp-idf/components/freertos/esp_additions/include/freertos -IC:/Users/clare/esp/esp-idf/components/freertos/FreeRTOS-Kernel/portable/xtensa/include -IC:/Users/clare/esp/esp-idf/components/freertos/esp_additions/include -IC:/Users/clare/esp/esp-idf/components/esp_hw_support/include -IC:/Users/clare/esp/esp-idf/components/esp_hw_support/include/soc -IC:/Users/clare/esp/esp-idf/components/esp_hw_support/include/soc/esp32 -IC:/Users/clare/esp/esp-idf/components/esp_hw_support/port/esp32/. -IC:/Users/clare/esp/esp-idf/components/esp_hw_support/port/esp32/private_include -IC:/Users/clare/esp/esp-idf/components/heap/include -IC:/Users/clare/esp/esp-idf/components/log/include -IC:/Users/clare/esp/esp-idf/components/soc/include -IC:/Users/clare/esp/esp-idf/components/soc/esp32/. -IC:/Users/clare/esp/esp-idf/components/soc/esp32/include -IC:/Users/clare/esp/esp-idf/components/hal/esp32/include -IC:/Users/clare/esp/esp-idf/components/hal/include -IC:/Users/clare/esp/esp-idf/components/hal/platform_port/include -IC:/Users/clare/esp/esp-idf/components/esp_rom/include -IC:/Users/clare/esp/esp-idf/components/esp_rom/include/esp32 -IC:/Users/clare/esp/esp-idf/components/esp_rom/esp32 -IC:/Users/clare/esp/esp-idf/components/esp_common/include -IC:/Users/clare/esp/esp-idf/components/esp_system/include -IC:/Users/clare/esp/esp-idf/components/esp_system/port/soc -IC:/Users/clare/esp/esp-idf/components/esp_system/port/include/private -IC:/Users/clare/esp/esp-idf/components/xtensa/include -IC:/Users/clare/esp/esp-idf/components/xtensa/esp32/include -IC:/Users/clare/esp/esp-idf/components/lwip/include -IC:/Users/clare/esp/esp-idf/components/lwip/include/apps -IC:/Users/clare/esp/esp-idf/components/lwip/include/apps/sntp -IC:/Users/clare/esp/esp-idf/components/lwip/lwip/src/include -IC:/Users/clare/esp/esp-idf/components/lwip/port/esp32/include -IC:/Users/clare/esp/esp-idf/components/lwip/port/esp32/include/arch -IC:/Users/clare/esp/esp-idf/components/esp_event/include -IC:/Users/clare/esp/esp-idf/components/driver/include -IC:/Users/clare/esp/esp-idf/components/driver/deprecated -IC:/Users/clare/esp/esp-idf/components/driver/esp32/include -IC:/Users/clare/esp/esp-idf/components/esp_pm/include -IC:/Users/clare/esp/esp-idf/components/esp_ringbuf/include -mlongcalls -Wno-frame-address  -fdiagnostics-color=always -ffunction-sections -fdata-sections -Wall -Werror=all -Wno-error=unused-function -Wno-error=unused-variable -Wno-error=deprecated-declarations -Wextra -Wno-unused-parameter -Wno-sign-compare -Wno-enum-conversion -gdwarf-4 -ggdb -Og -fmacro-prefix-map=D:/John/IoT/iot-project/rfid=. -fmacro-prefix-map=C:/Users/clare/esp/esp-idf=/IDF -fstrict-volatile-bitfields -Wno-error=unused-but-set-variable -fno-jump-tables -fno-tree-switch-conversion -DconfigENABLE_FREERTOS_DEBUG_OCDAWARE=1 -std=gnu17 -Wno-old-style-declaration -D_GNU_SOURCE -DIDF_VER=\"v5.0\" -DESP_PLATFORM -D_POSIX_READER_WRITER_LOCKS -MD -MT esp-idf/step_motor/CMakeFiles/__idf_step_motor.dir/stepper.c.obj -MF esp-idf\step_motor\CMakeFiles\__idf_step_motor.dir\stepper.c.obj.d -o esp-idf/step_motor/CMakeFiles/__idf_step_motor.dir/stepper.c.obj -c D:/John/IoT/iot-project/rfid/components/step_motor/stepper.c
In file included from D:/John/IoT/iot-project/rfid/components/step_motor/stepper.c:4:
C:/Users/clare/esp/esp-idf/components/esp_event/include/esp_event_loop.h:2:2: warning: #warning "esp_event_loop.h is deprecated, please include esp_event.h instead" [-Wcpp]
    2 | #warning "esp_event_loop.h is deprecated, please include esp_event.h instead"
      |  ^~~~~~~
D:/John/IoT/iot-project/rfid/components/step_motor/stepper.c:5:10: fatal error: nvs_flash.h: No such file or directory
    5 | #include "nvs_flash.h"
      |          ^~~~~~~~~~~~~
compilation terminated.
[2/12] Performing build step for 'bootloader'
[1/1] cmd.exe /C "cd /D D:\John\IoT\iot-project\rfid\build\bootloader\esp-idf\esptool_py && C:\Users\clare\.espressif\python_env\idf5.0_py3.8_env\Scripts\python.exe C:/Users/clare/esp/esp-idf/components/partition_table/check_sizes.py --offset 0x8000 bootloader 0x1000 D:/John/IoT/iot-project/rfid/build/bootloader/bootloader.bin"
Bootloader binary size 0x6700 bytes. 0x900 bytes (8%) free.
[3/10] Building C object esp-idf/main/CMakeFiles/__idf_main.dir/main.c.obj
ninja: build stopped: subcommand failed.
